<?xml version="1.0" encoding="UTF-8"?>
<!-- Generated by org.testng.reporters.JUnitReportReporter -->
<testsuite hostname="PRAMODREDDY" failures="0" tests="1" name="demo.test.AddCartAmoazonShoping" time="34.252" errors="0" timestamp="23 Sep 2022 08:50:05 GMT" skipped="0">
  <testcase classname="demo.test.AddCartAmoazonShoping" name="AddItemtoCart" time="34.252"/>
</testsuite> <!-- demo.test.AddCartAmoazonShoping -->
